<?xml version="1.0" encoding="UTF-8"?>
<!-- Generated by org.testng.reporters.JUnitReportReporter -->
<testsuite hostname="pratik1" failures="0" tests="2" name="testNG_Example.Exp_TestNG" time="0.033" errors="0" timestamp="2023-12-27T15:24:27 IST" skipped="0">
  <testcase classname="testNG_Example.Exp_TestNG" name="login" time="0.025"/>
  <testcase classname="testNG_Example.Exp_TestNG" name="logout" time="0.008"/>
</testsuite> <!-- testNG_Example.Exp_TestNG -->
