<?xml version="1.0" encoding="UTF-8"?>
<!-- Generated by org.testng.reporters.JUnitReportReporter -->
<testsuite hostname="pratik1" failures="0" tests="1" name="com.hrms.TestScripts.TC002" time="7.705" errors="0" timestamp="2023-12-27T15:35:49 IST" skipped="0">
  <testcase classname="com.hrms.TestScripts.TC002" name="tc002" time="7.705"/>
</testsuite> <!-- com.hrms.TestScripts.TC002 -->
