<?xml version="1.0" encoding="UTF-8"?>
<!-- Generated by org.testng.reporters.JUnitReportReporter -->
<testsuite hostname="pratik1" failures="0" tests="4" name="testNG_Example.Exp_testng01" time="0.022" errors="0" timestamp="2023-12-27T15:24:27 IST" skipped="0">
  <testcase classname="testNG_Example.Exp_testng01" name="Addemp" time="0.007"/>
  <testcase classname="testNG_Example.Exp_testng01" name="logout" time="0.010"/>
  <testcase classname="testNG_Example.Exp_testng01" name="delemp" time="0.002"/>
  <testcase classname="testNG_Example.Exp_testng01" name="login" time="0.003"/>
</testsuite> <!-- testNG_Example.Exp_testng01 -->
