<?xml version="1.0" encoding="UTF-8"?>
<!-- Generated by org.testng.reporters.JUnitReportReporter -->
<testsuite hostname="pratik1" failures="0" tests="1" name="com.hrms.TestScripts.TC001" time="5.101" errors="0" timestamp="2023-12-27T15:35:49 IST" skipped="0">
  <testcase classname="com.hrms.TestScripts.TC001" name="tc001" time="5.101"/>
</testsuite> <!-- com.hrms.TestScripts.TC001 -->
