<?xml version="1.0" encoding="UTF-8"?>
<!-- Generated by org.testng.reporters.JUnitReportReporter -->
<testsuite hostname="pratik1" failures="0" tests="2" name="testNG_Example.Exp_testng03" time="0.005" errors="0" timestamp="2023-12-27T15:24:27 IST" skipped="0">
  <testcase classname="testNG_Example.Exp_testng03" name="delemp" time="0.003"/>
  <testcase classname="testNG_Example.Exp_testng03" name="addemp" time="0.002"/>
</testsuite> <!-- testNG_Example.Exp_testng03 -->
